# JRE version: Java(TM) SE Runtime Environment (20.0.2+9) (build 20.0.2+9-78)
# Java VM: Java HotSpot(TM) 64-Bit Server VM (20.0.2+9-78, mixed mode, sharing, tiered, compressed oops, compressed class ptrs, g1 gc, windows-amd64)
GC Precious Log:
 CardTable entry size: 512
 Card Set container configuration: InlinePtr #cards 5 size 8 Array Of Cards #cards 12 size 40 Howl #buckets 4 coarsen threshold 1843 Howl Bitmap #cards 512 size 80 coarsen threshold 460 Card regions per heap region 1 cards per card region 2048
 CPUs: 8 total, 8 available
 Memory: 16179M
 Large Page Support: Disabled
 NUMA Support: Disabled
 Compressed Oops: Enabled (32-bit)
 Heap Region Size: 1M
 Heap Min Capacity: 256M
 Heap Initial Capacity: 256M
 Heap Max Capacity: 512M
 Pre-touch: Disabled
 Parallel Workers: 8
 Concurrent Workers: 2
 Concurrent Refinement Workers: 8
 Periodic GC: Disabled
Heap:
 garbage-first heap   total 262144K, used 135755K [0x00000000e0000000, 0x0000000100000000)
  region size 1024K, 118 young (120832K), 12 survivors (12288K)
 Metaspace       used 34793K, committed 35840K, reserved 380928K
  class space    used 4783K, committed 5312K, reserved 315392K
GC Heap History (8 events):
Event: 7.923 GC heap before
{Heap before GC invocations=0 (full 0):
 garbage-first heap   total 262144K, used 23552K [0x00000000e0000000, 0x0000000100000000)
  region size 1024K, 23 young (23552K), 0 survivors (0K)
 Metaspace       used 1014K, committed 1152K, reserved 380928K
  class space    used 75K, committed 128K, reserved 315392K
}
Event: 8.126 GC heap after
{Heap after GC invocations=1 (full 0):
 garbage-first heap   total 262144K, used 2048K [0x00000000e0000000, 0x0000000100000000)
  region size 1024K, 2 young (2048K), 2 survivors (2048K)
 Metaspace       used 1014K, committed 1152K, reserved 380928K
  class space    used 75K, committed 128K, reserved 315392K
}
Event: 12.068 GC heap before
{Heap before GC invocations=1 (full 0):
 garbage-first heap   total 262144K, used 40960K [0x00000000e0000000, 0x0000000100000000)
  region size 1024K, 38 young (38912K), 2 survivors (2048K)
 Metaspace       used 4382K, committed 4544K, reserved 380928K
  class space    used 539K, committed 640K, reserved 315392K
}
Event: 12.085 GC heap after
{Heap after GC invocations=2 (full 0):
 garbage-first heap   total 262144K, used 11008K [0x00000000e0000000, 0x0000000100000000)
  region size 1024K, 5 young (5120K), 5 survivors (5120K)
 Metaspace       used 4382K, committed 4544K, reserved 380928K
  class space    used 539K, committed 640K, reserved 315392K
}
Event: 23.879 GC heap before
{Heap before GC invocations=2 (full 0):
 garbage-first heap   total 262144K, used 65280K [0x00000000e0000000, 0x0000000100000000)
  region size 1024K, 56 young (57344K), 5 survivors (5120K)
 Metaspace       used 5912K, committed 6144K, reserved 380928K
  class space    used 772K, committed 896K, reserved 315392K
}
Event: 23.886 GC heap after
{Heap after GC invocations=3 (full 0):
 garbage-first heap   total 262144K, used 17987K [0x00000000e0000000, 0x0000000100000000)
  region size 1024K, 6 young (6144K), 6 survivors (6144K)
 Metaspace       used 5912K, committed 6144K, reserved 380928K
  class space    used 772K, committed 896K, reserved 315392K
}
Event: 39.499 GC heap before
{Heap before GC invocations=3 (full 0):
 garbage-first heap   total 262144K, used 106051K [0x00000000e0000000, 0x0000000100000000)
  region size 1024K, 93 young (95232K), 6 survivors (6144K)
 Metaspace       used 20904K, committed 21504K, reserved 380928K
  class space    used 3004K, committed 3264K, reserved 315392K
}
Event: 39.512 GC heap after
{Heap after GC invocations=4 (full 0):
 garbage-first heap   total 262144K, used 24139K [0x00000000e0000000, 0x0000000100000000)
  region size 1024K, 12 young (12288K), 12 survivors (12288K)
 Metaspace       used 20904K, committed 21504K, reserved 380928K
  class space    used 3004K, committed 3264K, reserved 315392K
}

