# JRE version: Java(TM) SE Runtime Environment (20.0.2+9) (build 20.0.2+9-78)
# Java VM: Java HotSpot(TM) 64-Bit Server VM (20.0.2+9-78, mixed mode, sharing, tiered, compressed oops, compressed class ptrs, g1 gc, windows-amd64)
GC Precious Log:
 CardTable entry size: 512
 Card Set container configuration: InlinePtr #cards 5 size 8 Array Of Cards #cards 12 size 40 Howl #buckets 4 coarsen threshold 1843 Howl Bitmap #cards 512 size 80 coarsen threshold 460 Card regions per heap region 1 cards per card region 2048
 CPUs: 8 total, 8 available
 Memory: 16179M
 Large Page Support: Disabled
 NUMA Support: Disabled
 Compressed Oops: Enabled (32-bit)
 Heap Region Size: 1M
 Heap Min Capacity: 256M
 Heap Initial Capacity: 256M
 Heap Max Capacity: 512M
 Pre-touch: Disabled
 Parallel Workers: 8
 Concurrent Workers: 2
 Concurrent Refinement Workers: 8
 Periodic GC: Disabled
Heap:
 garbage-first heap   total 262144K, used 110173K [0x00000000e0000000, 0x0000000100000000)
  region size 1024K, 99 young (101376K), 13 survivors (13312K)
 Metaspace       used 32693K, committed 33728K, reserved 380928K
  class space    used 4611K, committed 5120K, reserved 315392K
GC Heap History (8 events):
Event: 10.376 GC heap before
{Heap before GC invocations=0 (full 0):
 garbage-first heap   total 262144K, used 23552K [0x00000000e0000000, 0x0000000100000000)
  region size 1024K, 23 young (23552K), 0 survivors (0K)
 Metaspace       used 988K, committed 1152K, reserved 380928K
  class space    used 73K, committed 128K, reserved 315392K
}
Event: 10.795 GC heap after
{Heap after GC invocations=1 (full 0):
 garbage-first heap   total 262144K, used 1674K [0x00000000e0000000, 0x0000000100000000)
  region size 1024K, 2 young (2048K), 2 survivors (2048K)
 Metaspace       used 988K, committed 1152K, reserved 380928K
  class space    used 73K, committed 128K, reserved 315392K
}
Event: 26.394 GC heap before
{Heap before GC invocations=1 (full 0):
 garbage-first heap   total 262144K, used 40586K [0x00000000e0000000, 0x0000000100000000)
  region size 1024K, 38 young (38912K), 2 survivors (2048K)
 Metaspace       used 4392K, committed 4608K, reserved 380928K
  class space    used 536K, committed 640K, reserved 315392K
}
Event: 26.398 GC heap after
{Heap after GC invocations=2 (full 0):
 garbage-first heap   total 262144K, used 10582K [0x00000000e0000000, 0x0000000100000000)
  region size 1024K, 5 young (5120K), 5 survivors (5120K)
 Metaspace       used 4392K, committed 4608K, reserved 380928K
  class space    used 536K, committed 640K, reserved 315392K
}
Event: 36.171 GC heap before
{Heap before GC invocations=2 (full 0):
 garbage-first heap   total 262144K, used 70998K [0x00000000e0000000, 0x0000000100000000)
  region size 1024K, 62 young (63488K), 5 survivors (5120K)
 Metaspace       used 7772K, committed 8064K, reserved 380928K
  class space    used 1020K, committed 1152K, reserved 315392K
}
Event: 36.179 GC heap after
{Heap after GC invocations=3 (full 0):
 garbage-first heap   total 262144K, used 17901K [0x00000000e0000000, 0x0000000100000000)
  region size 1024K, 7 young (7168K), 7 survivors (7168K)
 Metaspace       used 7772K, committed 8064K, reserved 380928K
  class space    used 1020K, committed 1152K, reserved 315392K
}
Event: 46.367 GC heap before
{Heap before GC invocations=3 (full 0):
 garbage-first heap   total 262144K, used 99821K [0x00000000e0000000, 0x0000000100000000)
  region size 1024K, 88 young (90112K), 7 survivors (7168K)
 Metaspace       used 20869K, committed 21504K, reserved 380928K
  class space    used 3012K, committed 3328K, reserved 315392K
}
Event: 46.383 GC heap after
{Heap after GC invocations=4 (full 0):
 garbage-first heap   total 262144K, used 24157K [0x00000000e0000000, 0x0000000100000000)
  region size 1024K, 13 young (13312K), 13 survivors (13312K)
 Metaspace       used 20869K, committed 21504K, reserved 380928K
  class space    used 3012K, committed 3328K, reserved 315392K
}

